TN:
SF:src/context.tsx
FN:19,(anonymous_0)
FN:23,(anonymous_1)
FN:25,(anonymous_2)
FN:27,(anonymous_3)
FN:30,(anonymous_4)
FN:36,(anonymous_5)
FN:47,(anonymous_6)
FN:48,(anonymous_7)
FN:75,useModalContext
FN:87,useModal
FN:96,useModalState
FNF:11
FNH:11
FNDA:34,(anonymous_0)
FNDA:13,(anonymous_1)
FNDA:19,(anonymous_2)
FNDA:4,(anonymous_3)
FNDA:4,(anonymous_4)
FNDA:13,(anonymous_5)
FNDA:2,(anonymous_6)
FNDA:2,(anonymous_7)
FNDA:74,useModalContext
FNDA:31,useModal
FNDA:9,useModalState
DA:1,2
DA:17,2
DA:19,2
DA:21,34
DA:23,34
DA:25,13
DA:26,19
DA:27,19
DA:28,4
DA:30,4
DA:31,4
DA:33,19
DA:36,13
DA:47,34
DA:48,2
DA:49,2
DA:50,2
DA:51,1
DA:56,2
DA:60,34
DA:67,34
DA:75,2
DA:76,74
DA:77,73
DA:78,2
DA:80,71
DA:87,2
DA:88,31
DA:89,31
DA:96,2
DA:97,9
DA:98,9
DA:99,6
DA:101,3
DA:102,3
LF:35
LH:35
BRDA:23,0,0,5
BRDA:50,1,0,1
BRDA:77,2,0,2
BRDA:98,3,0,6
BRF:4
BRH:4
end_of_record
TN:
SF:src/modal-port.tsx
FN:15,(anonymous_0)
FN:23,(anonymous_1)
FN:29,(anonymous_2)
FN:36,(anonymous_3)
FN:52,(anonymous_4)
FNF:5
FNH:5
FNDA:19,(anonymous_0)
FNDA:19,(anonymous_1)
FNDA:1,(anonymous_2)
FNDA:19,(anonymous_3)
FNDA:19,(anonymous_4)
DA:5,1
DA:6,1
DA:15,1
DA:21,19
DA:22,19
DA:23,19
DA:27,19
DA:29,19
DA:30,1
DA:31,1
DA:32,1
DA:36,19
DA:37,19
DA:40,19
DA:41,7
DA:44,12
DA:45,3
DA:49,19
DA:52,19
DA:53,19
DA:55,8
DA:56,8
DA:57,8
DA:64,0
DA:65,0
DA:69,19
DA:70,11
DA:73,8
DA:80,1
DA:81,1
LF:30
LH:28
BRDA:23,0,0,8
BRDA:23,0,1,11
BRDA:30,1,0,0
BRDA:31,2,0,1
BRDA:40,3,0,7
BRDA:40,3,1,12
BRDA:40,4,0,19
BRDA:40,4,1,15
BRDA:44,5,0,3
BRDA:44,6,0,12
BRDA:44,6,1,4
BRDA:53,7,0,11
BRDA:69,8,0,11
BRDA:69,9,0,19
BRDA:69,9,1,8
BRF:15
BRH:14
end_of_record
